{
  "RSpec": {
    "coverage": {
      "/Users/svrossum/prepaidfactory_api/lib/prepaidfactory_api.rb": [
        1,
        null,
        null,
        1,
        1,
        null,
        null,
        1,
        1,
        null,
        null,
        1,
        1,
        1,
        1,
        1,
        null,
        null,
        1,
        1,
        1,
        1,
        1,
        null,
        null,
        1,
        1,
        1
      ],
      "/Users/svrossum/prepaidfactory_api/lib/prepaidfactory_api/base.rb": [
        1,
        null,
        1,
        null,
        1,
        35,
        102,
        null,
        null,
        null,
        null,
        null
      ],
      "/Users/svrossum/prepaidfactory_api/lib/prepaidfactory_api/client/exception.rb": [
        1,
        null,
        1,
        1,
        1,
        1,
        1,
        1,
        1,
        1,
        1,
        1,
        1,
        1,
        1,
        1,
        1,
        1,
        1,
        1,
        1,
        null,
        1,
        null,
        1,
        null,
        1,
        0,
        0,
        null,
        null,
        1,
        17,
        null,
        null,
        1,
        14,
        null,
        null,
        null,
        2,
        null,
        0,
        null,
        0,
        null,
        0,
        null,
        1,
        null,
        1,
        null,
        1,
        null,
        1,
        null,
        0,
        null,
        1,
        null,
        1,
        null,
        1,
        null,
        null,
        null,
        null,
        null
      ],
      "/Users/svrossum/prepaidfactory_api/lib/prepaidfactory_api/client/client.rb": [
        1,
        1,
        null,
        1,
        null,
        1,
        null,
        1,
        1,
        1,
        1,
        1,
        null,
        null,
        1,
        1,
        1,
        null,
        1,
        null,
        null,
        null,
        null,
        null,
        null,
        null,
        null,
        null,
        null,
        null,
        null,
        null,
        null,
        null,
        null,
        null,
        null,
        null,
        null,
        null,
        null,
        null,
        1,
        2,
        1,
        null,
        null,
        1,
        6,
        6,
        3,
        null,
        null,
        1,
        4,
        3,
        1,
        null,
        null,
        1,
        5,
        4,
        1,
        null,
        null,
        1,
        17,
        17,
        null,
        17,
        17,
        null,
        0,
        null,
        1,
        null,
        2,
        null,
        0,
        null,
        null,
        14,
        null,
        null,
        1,
        43,
        56,
        14,
        null,
        null,
        null,
        null
      ],
      "/Users/svrossum/prepaidfactory_api/lib/prepaidfactory_api/client/requests/base.rb": [
        1,
        null,
        1,
        1,
        null,
        null,
        null,
        null
      ],
      "/Users/svrossum/prepaidfactory_api/lib/prepaidfactory_api/client/requests/get_product_information.rb": [
        1,
        null,
        1,
        1,
        null,
        1,
        3,
        null,
        null,
        null,
        null,
        null
      ],
      "/Users/svrossum/prepaidfactory_api/lib/prepaidfactory_api/client/requests/create_order.rb": [
        1,
        null,
        1,
        1,
        null,
        1,
        6,
        6,
        6,
        6,
        6,
        6,
        6,
        null,
        null,
        null,
        null,
        null
      ],
      "/Users/svrossum/prepaidfactory_api/lib/prepaidfactory_api/client/requests/cancel_order.rb": [
        1,
        null,
        1,
        1,
        null,
        1,
        4,
        null,
        null,
        null,
        null,
        null
      ],
      "/Users/svrossum/prepaidfactory_api/lib/prepaidfactory_api/client/requests/confirm_order.rb": [
        1,
        null,
        1,
        1,
        null,
        1,
        5,
        null,
        null,
        null,
        null,
        null
      ],
      "/Users/svrossum/prepaidfactory_api/lib/prepaidfactory_api/client/responses/base.rb": [
        1,
        null,
        1,
        1,
        null,
        null,
        1,
        null,
        1,
        5,
        5,
        null,
        null,
        1,
        null,
        null,
        1,
        0,
        null,
        null,
        1,
        0,
        null,
        null,
        1,
        0,
        null,
        null,
        null,
        null,
        null
      ],
      "/Users/svrossum/prepaidfactory_api/lib/prepaidfactory_api/client/responses/create_order.rb": [
        1,
        null,
        1,
        1,
        null,
        1,
        6,
        6,
        3,
        null,
        null,
        1,
        3,
        null,
        null,
        null,
        null,
        null
      ],
      "/Users/svrossum/prepaidfactory_api/lib/prepaidfactory_api/client/responses/cancel_order.rb": [
        1,
        null,
        1,
        1,
        null,
        1,
        4,
        4,
        1,
        null,
        null,
        1,
        1,
        null,
        null,
        null,
        null,
        null
      ],
      "/Users/svrossum/prepaidfactory_api/lib/prepaidfactory_api/client/responses/confirm_order.rb": [
        1,
        null,
        1,
        1,
        null,
        1,
        3,
        3,
        1,
        null,
        null,
        1,
        1,
        1,
        null,
        null,
        null,
        null,
        null
      ],
      "/Users/svrossum/prepaidfactory_api/lib/prepaidfactory_api/client/responses/get_product_information.rb": [
        1,
        null,
        1,
        1,
        null,
        1,
        1,
        1,
        0,
        null,
        null,
        1,
        0,
        0,
        null,
        null,
        null,
        null,
        null,
        null
      ],
      "/Users/svrossum/prepaidfactory_api/lib/prepaidfactory_api/client/entities/base.rb": [
        1,
        null,
        1,
        1,
        null,
        1,
        0,
        null,
        null,
        null,
        null,
        null
      ],
      "/Users/svrossum/prepaidfactory_api/lib/prepaidfactory_api/client/entities/order.rb": [
        1,
        null,
        1,
        1,
        null,
        1,
        null,
        1,
        5,
        5,
        5,
        5,
        5,
        5,
        5,
        5,
        5,
        5,
        5,
        5,
        null,
        null,
        null,
        null,
        null
      ],
      "/Users/svrossum/prepaidfactory_api/lib/prepaidfactory_api/client/entities/product.rb": [
        1,
        null,
        1,
        1,
        null,
        1,
        null,
        1,
        0,
        0,
        0,
        0,
        0,
        0,
        null,
        null,
        null,
        null,
        null
      ],
      "/Users/svrossum/prepaidfactory_api/spec/client/confirm_order_spec.rb": [
        1,
        null,
        1,
        null,
        null,
        1,
        null,
        1,
        null,
        1,
        null,
        1,
        1,
        1,
        null,
        null,
        null,
        1,
        1,
        1,
        null,
        null,
        1,
        1,
        1,
        null,
        null,
        null,
        1,
        1,
        1,
        null,
        null,
        null,
        null,
        null,
        null
      ],
      "/Users/svrossum/prepaidfactory_api/spec/client/create_order_spec.rb": [
        1,
        null,
        1,
        null,
        1,
        null,
        1,
        1,
        1,
        1,
        null,
        null,
        null,
        1,
        1,
        1,
        null,
        null,
        null,
        1,
        1,
        1,
        null,
        null,
        null,
        null,
        null,
        null
      ],
      "/Users/svrossum/prepaidfactory_api/spec/client/get_product_information_spec.rb": [
        1,
        null,
        1,
        null,
        1,
        null,
        1,
        1,
        0,
        null,
        null,
        null,
        1,
        1,
        1,
        null,
        null,
        null,
        1,
        1,
        1,
        null,
        null,
        null,
        null,
        null,
        null
      ],
      "/Users/svrossum/prepaidfactory_api/spec/client/request_spec.rb": [
        1,
        null,
        1,
        null,
        null,
        1,
        null,
        null,
        1,
        null,
        1,
        null,
        1,
        null,
        1,
        1,
        1,
        null,
        null,
        null,
        1,
        1,
        1,
        null,
        null,
        null,
        1,
        1,
        1,
        null,
        null,
        null,
        null,
        null,
        null
      ],
      "/Users/svrossum/prepaidfactory_api/spec/config/certificates_spec.rb": [

      ],
      "/Users/svrossum/prepaidfactory_api/spec/config/credentials_spec.rb": [

      ],
      "/Users/svrossum/prepaidfactory_api/spec/config/endpoint_spec.rb": [

      ],
      "/Users/svrossum/prepaidfactory_api/spec/config/ratailer_spec.rb": [

      ],
      "/Users/svrossum/prepaidfactory_api/spec/config/ssl_spec.rb": [

      ],
      "/Users/svrossum/prepaidfactory_api/spec/config/wsdl_spec.rb": [

      ]
    },
    "timestamp": 1467898457
  }
}
