{
  "RSpec": {
    "coverage": {
      "/Users/svrossum/prepaidfactory_api/lib/prepaidfactory_api.rb": [
        1,
        null,
        null,
        1,
        1,
        null,
        null,
        1,
        1,
        1,
        null,
        null,
        1,
        1,
        1,
        1,
        1,
        null,
        null,
        1,
        1,
        1,
        1,
        1,
        null,
        null,
        1,
        1,
        1
      ],
      "/Users/svrossum/prepaidfactory_api/lib/prepaidfactory_api/base.rb": [
        1,
        null,
        1,
        null,
        1,
        36,
        137,
        null,
        null,
        null,
        null,
        null
      ],
      "/Users/svrossum/prepaidfactory_api/lib/prepaidfactory_api/client/client.rb": [
        1,
        1,
        null,
        1,
        null,
        1,
        1,
        9,
        9,
        9,
        9,
        9,
        9,
        null,
        null,
        1,
        null,
        1,
        9,
        8,
        null,
        7,
        null,
        null,
        null,
        null,
        null,
        null,
        null,
        null,
        null,
        null,
        null,
        null,
        null,
        null,
        null,
        null,
        null,
        null,
        null,
        1,
        null,
        1,
        10,
        9,
        null,
        null,
        1,
        15,
        15,
        8,
        null,
        null,
        1,
        6,
        5,
        3,
        null,
        null,
        1,
        7,
        6,
        2,
        null,
        null,
        1,
        38,
        38,
        null,
        1,
        null,
        null,
        null,
        35,
        35,
        null,
        0,
        null,
        null,
        1,
        null,
        1,
        null,
        null,
        0,
        null,
        null,
        null,
        0,
        null,
        null,
        1,
        null,
        null,
        1,
        null,
        1,
        null,
        null,
        0,
        null,
        null,
        null,
        1,
        null,
        null,
        1,
        null,
        null,
        0,
        null,
        null,
        null,
        30,
        null,
        null,
        1,
        30,
        30,
        null,
        0,
        null,
        null,
        null,
        1,
        69,
        null,
        null,
        1,
        68,
        204,
        null,
        null,
        1,
        null,
        null,
        null,
        null
      ],
      "/Users/svrossum/prepaidfactory_api/lib/prepaidfactory_api/client/validator.rb": [
        1,
        null,
        1,
        1,
        null,
        75,
        1,
        71,
        null,
        null,
        1,
        30,
        null,
        16,
        null,
        3,
        null,
        null,
        1,
        null,
        null,
        2,
        null,
        null,
        2,
        null,
        null,
        1,
        null,
        null,
        1,
        null,
        null,
        1,
        null,
        null,
        0,
        null,
        null,
        1,
        null,
        null,
        2,
        null,
        null,
        0,
        null,
        null,
        0,
        null,
        null,
        null,
        null,
        null
      ],
      "/Users/svrossum/prepaidfactory_api/lib/prepaidfactory_api/client/exception.rb": [
        1,
        1,
        null,
        1,
        1,
        1,
        1,
        1,
        1,
        1,
        1,
        null,
        1,
        1,
        1,
        1,
        1,
        1,
        1,
        1,
        1,
        1,
        1,
        1,
        1,
        1,
        1,
        1,
        1,
        1,
        1,
        1,
        1,
        1,
        null
      ],
      "/Users/svrossum/prepaidfactory_api/lib/prepaidfactory_api/requests/base.rb": [
        1,
        null,
        1,
        1,
        null,
        null,
        null,
        null
      ],
      "/Users/svrossum/prepaidfactory_api/lib/prepaidfactory_api/requests/get_product_information.rb": [
        1,
        1,
        null,
        1,
        1,
        11,
        null,
        null,
        null,
        null
      ],
      "/Users/svrossum/prepaidfactory_api/lib/prepaidfactory_api/requests/create_order.rb": [
        1,
        1,
        null,
        1,
        1,
        15,
        15,
        15,
        15,
        15,
        15,
        15,
        null,
        null,
        null,
        null,
        null
      ],
      "/Users/svrossum/prepaidfactory_api/lib/prepaidfactory_api/requests/cancel_order.rb": [
        1,
        1,
        null,
        1,
        1,
        6,
        null,
        null,
        null,
        null
      ],
      "/Users/svrossum/prepaidfactory_api/lib/prepaidfactory_api/requests/confirm_order.rb": [
        1,
        1,
        null,
        1,
        1,
        7,
        null,
        null,
        null,
        null
      ],
      "/Users/svrossum/prepaidfactory_api/lib/prepaidfactory_api/responses/base.rb": [
        1,
        1,
        null,
        1,
        1,
        null,
        1,
        null,
        1,
        16,
        16,
        null,
        null,
        1,
        0,
        null,
        null,
        1,
        14,
        null,
        null,
        1,
        0,
        null,
        null,
        null,
        null
      ],
      "/Users/svrossum/prepaidfactory_api/lib/prepaidfactory_api/responses/create_order.rb": [
        1,
        null,
        1,
        1,
        null,
        1,
        15,
        15,
        8,
        null,
        null,
        1,
        8,
        null,
        null,
        null,
        null,
        null
      ],
      "/Users/svrossum/prepaidfactory_api/lib/prepaidfactory_api/responses/cancel_order.rb": [
        1,
        null,
        1,
        1,
        1,
        6,
        6,
        2,
        null,
        null,
        1,
        2,
        null,
        null,
        null,
        null
      ],
      "/Users/svrossum/prepaidfactory_api/lib/prepaidfactory_api/responses/confirm_order.rb": [
        1,
        1,
        1,
        1,
        5,
        5,
        3,
        null,
        null,
        1,
        3,
        3,
        null,
        null,
        null,
        null
      ],
      "/Users/svrossum/prepaidfactory_api/lib/prepaidfactory_api/responses/get_product_information.rb": [
        1,
        1,
        1,
        1,
        4,
        4,
        3,
        null,
        null,
        1,
        3,
        87,
        null,
        null,
        null,
        null,
        null
      ],
      "/Users/svrossum/prepaidfactory_api/lib/prepaidfactory_api/entities/base.rb": [
        1,
        1,
        null,
        1,
        1,
        1,
        null,
        null,
        null,
        null
      ],
      "/Users/svrossum/prepaidfactory_api/lib/prepaidfactory_api/entities/order.rb": [
        1,
        1,
        null,
        1,
        1,
        null,
        1,
        13,
        13,
        13,
        13,
        13,
        13,
        13,
        13,
        13,
        13,
        13,
        13,
        null,
        null,
        null,
        null
      ],
      "/Users/svrossum/prepaidfactory_api/lib/prepaidfactory_api/entities/product.rb": [
        1,
        1,
        null,
        1,
        1,
        null,
        1,
        87,
        87,
        87,
        87,
        87,
        87,
        null,
        null,
        null,
        null
      ],
      "/Users/svrossum/prepaidfactory_api/spec/client/confirm_order_spec.rb": [
        1,
        null,
        1,
        1,
        1,
        null,
        1,
        1,
        1,
        null,
        null,
        null,
        1,
        1,
        1,
        null,
        null,
        1,
        1,
        1,
        null,
        null,
        null,
        1,
        1,
        1,
        null,
        null,
        null,
        null
      ],
      "/Users/svrossum/prepaidfactory_api/spec/client/create_order_spec.rb": [
        1,
        null,
        1,
        1,
        1,
        1,
        1,
        1,
        null,
        null,
        null,
        null,
        null,
        1,
        1,
        1,
        1,
        0,
        null,
        null,
        null,
        null,
        1,
        1,
        1,
        null,
        null,
        null,
        1,
        1,
        1,
        null,
        null,
        null,
        1,
        1,
        1,
        null,
        null,
        null,
        null
      ],
      "/Users/svrossum/prepaidfactory_api/spec/client/get_product_information_spec.rb": [
        1,
        null,
        1,
        1,
        1,
        1,
        1,
        1,
        null,
        1,
        1,
        1,
        null,
        null,
        null,
        null,
        null,
        1,
        1,
        1,
        null,
        null,
        null,
        1,
        1,
        1,
        null,
        null,
        null,
        null
      ],
      "/Users/svrossum/prepaidfactory_api/spec/client/ppf_spec.rb": [
        1,
        null,
        1,
        1,
        1,
        1,
        null,
        null,
        null,
        1,
        1,
        1,
        1,
        null,
        null,
        null,
        1,
        1,
        1,
        1,
        null,
        null,
        null,
        1,
        1,
        1,
        1,
        1,
        null,
        null,
        null,
        1,
        1,
        1,
        null,
        null,
        null,
        1,
        1,
        1,
        null,
        null,
        null,
        1,
        1,
        1,
        null,
        null,
        null
      ],
      "/Users/svrossum/prepaidfactory_api/spec/client/request_spec.rb": [
        1,
        null,
        1,
        1,
        1,
        1,
        1,
        null,
        null,
        null,
        null,
        1,
        1,
        1,
        null,
        null,
        null,
        null,
        1,
        1,
        1,
        null,
        null,
        null,
        null,
        null
      ],
      "/Users/svrossum/prepaidfactory_api/spec/client/setup_savon_spec.rb": [
        1,
        null,
        1,
        1,
        1,
        1,
        1,
        1,
        1,
        null,
        null,
        null,
        1,
        1,
        1,
        1,
        1,
        null,
        null,
        null,
        1,
        1,
        1,
        1,
        1,
        1,
        1,
        null,
        null,
        null,
        1,
        1,
        1,
        1,
        1,
        1,
        null,
        null,
        null,
        1,
        1,
        1,
        1,
        1,
        1,
        null,
        null,
        null,
        1,
        1,
        1,
        1,
        1,
        1,
        1,
        null,
        null,
        null,
        1,
        1,
        1,
        1,
        1,
        1,
        null,
        null,
        null,
        1,
        1,
        1,
        1,
        1,
        1,
        null,
        null,
        null,
        null
      ]
    },
    "timestamp": 1470294790
  }
}
